<?xml version="1.0" encoding="UTF-8"?>
<!-- Generated by org.testng.reporters.JUnitReportReporter -->
<testsuite hostname="LAPTOP-AFSAN" failures="0" tests="3" name="com.testNG.TestNgBasics" time="0.015" errors="0" timestamp="19 May 2020 04:23:49 GMT" skipped="0">
  <testcase classname="com.testNG.TestNgBasics" name="searchTest" time="0.004"/>
  <testcase classname="com.testNG.TestNgBasics" name="googleTitle" time="0.004"/>
  <testcase classname="com.testNG.TestNgBasics" name="googleLogotest" time="0.007"/>
</testsuite> <!-- com.testNG.TestNgBasics -->
