<?xml version="1.0" encoding="UTF-8"?>
<!-- Generated by org.testng.reporters.JUnitReportReporter -->
<testsuite hostname="LAPTOP-AFSAN" failures="0" tests="10" name="com.testNG.InvocationCountTest" time="0.036" errors="0" timestamp="19 May 2020 17:23:45 GMT" skipped="0">
  <testcase classname="com.testNG.InvocationCountTest" name="sum" time="0.002"/>
  <testcase classname="com.testNG.InvocationCountTest" name="sum" time="0.002"/>
  <testcase classname="com.testNG.InvocationCountTest" name="sum" time="0.002"/>
  <testcase classname="com.testNG.InvocationCountTest" name="sum" time="0.013"/>
  <testcase classname="com.testNG.InvocationCountTest" name="sum" time="0.002"/>
  <testcase classname="com.testNG.InvocationCountTest" name="sum" time="0.003"/>
  <testcase classname="com.testNG.InvocationCountTest" name="sum" time="0.002"/>
  <testcase classname="com.testNG.InvocationCountTest" name="sum" time="0.004"/>
  <testcase classname="com.testNG.InvocationCountTest" name="sum" time="0.004"/>
  <testcase classname="com.testNG.InvocationCountTest" name="sum" time="0.002"/>
</testsuite> <!-- com.testNG.InvocationCountTest -->
