<?xml version="1.0" encoding="UTF-8"?>
<!-- Generated by org.testng.reporters.JUnitReportReporter -->
<testsuite hostname="DESKTOP-2HLQDRG" failures="0" tests="3" name="com.testNG.TestNgBasics" time="0.014" errors="0" timestamp="2020-07-27T00:18:24 CDT" skipped="0">
  <testcase classname="com.testNG.TestNgBasics" name="googleLogotest" time="0.009"/>
  <system-out/>
  <testcase classname="com.testNG.TestNgBasics" name="googleTitle" time="0.002"/>
  <system-out/>
  <testcase classname="com.testNG.TestNgBasics" name="searchTest" time="0.003"/>
  <system-out/>
</testsuite> <!-- com.testNG.TestNgBasics -->
