<?xml version="1.0" encoding="UTF-8"?>
<!-- Generated by org.testng.reporters.JUnitReportReporter -->
<testsuite hostname="LAPTOP-AFSAN" failures="0" tests="1" name="com.testNG.ExceptionTimoutTest" time="0.014" errors="0" timestamp="19 May 2020 17:33:38 GMT" skipped="0">
  <testcase classname="com.testNG.ExceptionTimoutTest" name="infiniteLoop" time="0.014"/>
</testsuite> <!-- com.testNG.ExceptionTimoutTest -->
