<?xml version="1.0" encoding="UTF-8"?>
<!-- Generated by org.testng.reporters.JUnitReportReporter -->
<testsuite hostname="DESKTOP-2HLQDRG" failures="0" tests="10" name="com.testNG.InvocationCountTest" time="0.042" errors="0" timestamp="2020-07-19T21:47:32 CDT" skipped="0">
  <testcase classname="com.testNG.InvocationCountTest" name="sum" time="0.002"/>
  <system-out/>
  <testcase classname="com.testNG.InvocationCountTest" name="sum" time="0.003"/>
  <system-out/>
  <testcase classname="com.testNG.InvocationCountTest" name="sum" time="0.002"/>
  <system-out/>
  <testcase classname="com.testNG.InvocationCountTest" name="sum" time="0.003"/>
  <system-out/>
  <testcase classname="com.testNG.InvocationCountTest" name="sum" time="0.010"/>
  <system-out/>
  <testcase classname="com.testNG.InvocationCountTest" name="sum" time="0.008"/>
  <system-out/>
  <testcase classname="com.testNG.InvocationCountTest" name="sum" time="0.002"/>
  <system-out/>
  <testcase classname="com.testNG.InvocationCountTest" name="sum" time="0.004"/>
  <system-out/>
  <testcase classname="com.testNG.InvocationCountTest" name="sum" time="0.006"/>
  <system-out/>
  <testcase classname="com.testNG.InvocationCountTest" name="sum" time="0.002"/>
  <system-out/>
</testsuite> <!-- com.testNG.InvocationCountTest -->
